[debug] [2021-03-22T23:57:07.826Z] ----------------------------------------------------------------------
[debug] [2021-03-22T23:57:07.828Z] Command:       C:\Program Files\nodejs\node.exe C:\Users\aoyet\AppData\Roaming\npm\node_modules\firebase-tools\lib\bin\firebase.js init
[debug] [2021-03-22T23:57:07.828Z] CLI Version:   9.6.1
[debug] [2021-03-22T23:57:07.828Z] Platform:      win32
[debug] [2021-03-22T23:57:07.828Z] Node Version:  v14.15.1
[debug] [2021-03-22T23:57:07.829Z] Time:          Mon Mar 22 2021 19:57:07 GMT-0400 (Eastern Daylight Time)
[debug] [2021-03-22T23:57:07.829Z] ----------------------------------------------------------------------
[debug] [2021-03-22T23:57:07.829Z] 
[debug] [2021-03-22T23:57:07.831Z] >>> [apiv2][query] GET https://firebase-public.firebaseio.com/cli.json [none]
[debug] [2021-03-22T23:57:07.851Z] > command requires scopes: ["email","openid","https://www.googleapis.com/auth/cloudplatformprojects.readonly","https://www.googleapis.com/auth/firebase","https://www.googleapis.com/auth/cloud-platform"]
[debug] [2021-03-22T23:57:07.852Z] > authorizing via signed-in user
[info] 
     ######## #### ########  ######## ########     ###     ######  ########
     ##        ##  ##     ## ##       ##     ##  ##   ##  ##       ##
     ######    ##  ########  ######   ########  #########  ######  ######
     ##        ##  ##    ##  ##       ##     ## ##     ##       ## ##
     ##       #### ##     ## ######## ########  ##     ##  ######  ########

You're about to initialize a Firebase project in this directory:

  C:\Users\aoyet\Desktop\Personal Programs\Slack Clone\slack--clone

[debug] [2021-03-22T23:57:08.097Z] <<< [apiv2][status] GET https://firebase-public.firebaseio.com/cli.json 200
[debug] [2021-03-22T23:57:08.098Z] <<< [apiv2][body] GET https://firebase-public.firebaseio.com/cli.json {"cloudBuildErrorAfter":1594252800000,"cloudBuildWarnAfter":1590019200000,"defaultNode10After":1594252800000,"minVersion":"3.0.5","node8DeploysDisabledAfter":1613390400000,"node8RuntimeDisabledAfter":1615809600000,"node8WarnAfter":1600128000000}
